<?xml version="1.0" encoding="UTF-8"?>
<!-- Generated by org.testng.reporters.JUnitXMLReporter -->
<testsuite hostname="A0301020301" name="Dataimport Test" tests="1" failures="1" timestamp="18 May 2016 05:44:22 GMT" time="14.214" errors="0">
  <testcase name="dataImport" time="5.102" classname="spctest.com.pageAction.DataImportTest">
    <failure type="java.lang.AssertionError" message="expected [true] but found [false]">
      <![CDATA[java.lang.AssertionError: expected [true] but found [false]
	at spctest.com.pageObject.DataImportPage.dataImport(DataImportPage.java:57)
	at spctest.com.pageAction.DataImportTest.dataImport(DataImportTest.java:26)
	at java.util.concurrent.FutureTask.run(Unknown Source)
	at java.util.concurrent.ThreadPoolExecutor.runWorker(Unknown Source)
	at java.util.concurrent.ThreadPoolExecutor$Worker.run(Unknown Source)
	at java.lang.Thread.run(Unknown Source)
... Removed 20 stack frames]]>
    </failure>
  </testcase> <!-- dataImport -->
</testsuite> <!-- Dataimport Test -->
