<?xml version="1.0" encoding="UTF-8"?>
<!-- Generated by org.testng.reporters.JUnitXMLReporter -->
<testsuite hostname="A0301020301" name="TestNg" tests="3" failures="0" timestamp="29 Apr 2016 06:47:05 GMT" time="16.091" errors="0">
  <testcase name="login_1" time="0.061" classname="spctest.com.wy429.LoginTest"/>
  <testcase name="login_2" time="1.285" classname="spctest.com.wy429.LoginTest"/>
  <testcase name="login_3" time="1.355" classname="spctest.com.wy429.LoginTest"/>
</testsuite> <!-- TestNg -->
